LINK : warning LNK4098: defaultlib 'MSVCRT' conflicts with use of other libs; use /NODEFAULTLIB:library
GraphicsEngine.obj : error LNK2019: unresolved external symbol __imp_glewInit referenced in function "private: bool __cdecl GraphicsEngine::InitialiseGLEW(void)" (?InitialiseGLEW@GraphicsEngine@@AEAA_NXZ)
GraphicsEngine.obj : error LNK2001: unresolved external symbol __imp___glewBindVertexArray
Mesh.obj : error LNK2001: unresolved external symbol __imp___glewBindVertexArray
GraphicsEngine.obj : error LNK2001: unresolved external symbol __imp_glewExperimental
Mesh.obj : error LNK2001: unresolved external symbol __imp___glewActiveTexture
Texture.obj : error LNK2001: unresolved external symbol __imp___glewActiveTexture
Mesh.obj : error LNK2001: unresolved external symbol __imp___glewBindBuffer
Mesh.obj : error LNK2001: unresolved external symbol __imp___glewBufferData
Mesh.obj : error LNK2001: unresolved external symbol __imp___glewDeleteBuffers
Mesh.obj : error LNK2001: unresolved external symbol __imp___glewGenBuffers
Mesh.obj : error LNK2001: unresolved external symbol __imp___glewEnableVertexAttribArray
Mesh.obj : error LNK2001: unresolved external symbol __imp___glewVertexAttribPointer
Mesh.obj : error LNK2001: unresolved external symbol __imp___glewCreateVertexArrays
Mesh.obj : error LNK2001: unresolved external symbol __imp___glewDeleteVertexArrays
Model.obj : error LNK2019: unresolved external symbol SOIL_load_image referenced in function "private: int __cdecl Model::TextureFromFile(char const *,class std::basic_string<char,struct std::char_traits<char>,class std::allocator<char> >)" (?TextureFromFile@Model@@AEAAHPEBDV?$basic_string@DU?$char_traits@D@std@@V?$allocator@D@2@@std@@@Z)
Texture.obj : error LNK2001: unresolved external symbol SOIL_load_image
Model.obj : error LNK2019: unresolved external symbol SOIL_free_image_data referenced in function "private: int __cdecl Model::TextureFromFile(char const *,class std::basic_string<char,struct std::char_traits<char>,class std::allocator<char> >)" (?TextureFromFile@Model@@AEAAHPEBDV?$basic_string@DU?$char_traits@D@std@@V?$allocator@D@2@@std@@@Z)
Texture.obj : error LNK2001: unresolved external symbol SOIL_free_image_data
Model.obj : error LNK2001: unresolved external symbol __imp___glewGenerateMipmap
Texture.obj : error LNK2001: unresolved external symbol __imp___glewGenerateMipmap
Shader.obj : error LNK2001: unresolved external symbol __imp___glewAttachShader
Shader.obj : error LNK2001: unresolved external symbol __imp___glewCompileShader
Shader.obj : error LNK2001: unresolved external symbol __imp___glewCreateProgram
Shader.obj : error LNK2001: unresolved external symbol __imp___glewCreateShader
Shader.obj : error LNK2001: unresolved external symbol __imp___glewDeleteProgram
Shader.obj : error LNK2001: unresolved external symbol __imp___glewDeleteShader
Shader.obj : error LNK2001: unresolved external symbol __imp___glewGetProgramInfoLog
Shader.obj : error LNK2001: unresolved external symbol __imp___glewGetProgramiv
Shader.obj : error LNK2001: unresolved external symbol __imp___glewGetShaderInfoLog
Shader.obj : error LNK2001: unresolved external symbol __imp___glewGetShaderiv
Shader.obj : error LNK2001: unresolved external symbol __imp___glewGetUniformLocation
Shader.obj : error LNK2001: unresolved external symbol __imp___glewLinkProgram
Shader.obj : error LNK2001: unresolved external symbol __imp___glewShaderSource
Shader.obj : error LNK2001: unresolved external symbol __imp___glewUniform1f
Shader.obj : error LNK2001: unresolved external symbol __imp___glewUniform1i
Shader.obj : error LNK2001: unresolved external symbol __imp___glewUniform2fv
Shader.obj : error LNK2001: unresolved external symbol __imp___glewUniform3fv
Shader.obj : error LNK2001: unresolved external symbol __imp___glewUniform4fv
Shader.obj : error LNK2001: unresolved external symbol __imp___glewUniformMatrix3fv
Shader.obj : error LNK2001: unresolved external symbol __imp___glewUniformMatrix4fv
Shader.obj : error LNK2001: unresolved external symbol __imp___glewUseProgram
C:\Users\t7038904\Source\FYP\TerrainGenerator_FYP\Linking\SOIL2\lib\soil2-debug.lib : warning LNK4272: library machine type 'x86' conflicts with target machine type 'x64'
C:\Users\t7038904\Source\FYP\TerrainGenerator_FYP\x64\Debug\TerrainGenerator_FYP.exe : fatal error LNK1120: 36 unresolved externals
