c:\users\jsimo\desktop\fyp\terraingenerator_fyp\terraingenerator_fyp\debug\terraingenerator_fyp.pch
c:\users\jsimo\desktop\fyp\terraingenerator_fyp\terraingenerator_fyp\debug\vc141.pdb
c:\users\jsimo\desktop\fyp\terraingenerator_fyp\terraingenerator_fyp\debug\vc141.idb
c:\users\jsimo\desktop\fyp\terraingenerator_fyp\terraingenerator_fyp\debug\pch.obj
c:\users\jsimo\desktop\fyp\terraingenerator_fyp\terraingenerator_fyp\debug\worldengine.obj
c:\users\jsimo\desktop\fyp\terraingenerator_fyp\terraingenerator_fyp\debug\texture.obj
c:\users\jsimo\desktop\fyp\terraingenerator_fyp\terraingenerator_fyp\debug\shader.obj
c:\users\jsimo\desktop\fyp\terraingenerator_fyp\terraingenerator_fyp\debug\main.obj
c:\users\jsimo\desktop\fyp\terraingenerator_fyp\terraingenerator_fyp\debug\model.obj
c:\users\jsimo\desktop\fyp\terraingenerator_fyp\terraingenerator_fyp\debug\mesh.obj
c:\users\jsimo\desktop\fyp\terraingenerator_fyp\terraingenerator_fyp\debug\material.obj
c:\users\jsimo\desktop\fyp\terraingenerator_fyp\terraingenerator_fyp\debug\mainmenu.obj
c:\users\jsimo\desktop\fyp\terraingenerator_fyp\terraingenerator_fyp\debug\level.obj
c:\users\jsimo\desktop\fyp\terraingenerator_fyp\terraingenerator_fyp\debug\layer.obj
c:\users\jsimo\desktop\fyp\terraingenerator_fyp\terraingenerator_fyp\debug\graphicsengine.obj
c:\users\jsimo\desktop\fyp\terraingenerator_fyp\terraingenerator_fyp\debug\entitymodel.obj
c:\users\jsimo\desktop\fyp\terraingenerator_fyp\terraingenerator_fyp\debug\entitymesh.obj
c:\users\jsimo\desktop\fyp\terraingenerator_fyp\terraingenerator_fyp\debug\entity.obj
c:\users\jsimo\desktop\fyp\terraingenerator_fyp\terraingenerator_fyp\debug\camera.obj
c:\users\jsimo\desktop\fyp\terraingenerator_fyp\terraingenerator_fyp\debug\imgui_impl_glfw_gl3.obj
c:\users\jsimo\desktop\fyp\terraingenerator_fyp\terraingenerator_fyp\debug\imgui_draw.obj
c:\users\jsimo\desktop\fyp\terraingenerator_fyp\terraingenerator_fyp\debug\imgui.obj
c:\users\jsimo\desktop\fyp\terraingenerator_fyp\debug\terraingenerator_fyp.ilk
c:\users\jsimo\desktop\fyp\terraingenerator_fyp\debug\terraingenerator_fyp.exe
c:\users\jsimo\desktop\fyp\terraingenerator_fyp\debug\terraingenerator_fyp.pdb
c:\users\jsimo\desktop\fyp\terraingenerator_fyp\terraingenerator_fyp\debug\terraing.d8523426.tlog\cl.command.1.tlog
c:\users\jsimo\desktop\fyp\terraingenerator_fyp\terraingenerator_fyp\debug\terraing.d8523426.tlog\cl.read.1.tlog
c:\users\jsimo\desktop\fyp\terraingenerator_fyp\terraingenerator_fyp\debug\terraing.d8523426.tlog\cl.write.1.tlog
c:\users\jsimo\desktop\fyp\terraingenerator_fyp\terraingenerator_fyp\debug\terraing.d8523426.tlog\link.command.1.tlog
c:\users\jsimo\desktop\fyp\terraingenerator_fyp\terraingenerator_fyp\debug\terraing.d8523426.tlog\link.read.1.tlog
c:\users\jsimo\desktop\fyp\terraingenerator_fyp\terraingenerator_fyp\debug\terraing.d8523426.tlog\link.write.1.tlog
