c:\users\jsimo\desktop\fyp\terraingenerator_fyp\terraingenerator_fyp\release\terraingenerator_fyp.pch
c:\users\jsimo\desktop\fyp\terraingenerator_fyp\terraingenerator_fyp\release\vc141.pdb
c:\users\jsimo\desktop\fyp\terraingenerator_fyp\terraingenerator_fyp\release\pch.obj
c:\users\jsimo\desktop\fyp\terraingenerator_fyp\terraingenerator_fyp\release\worldengine.obj
c:\users\jsimo\desktop\fyp\terraingenerator_fyp\terraingenerator_fyp\release\texture.obj
c:\users\jsimo\desktop\fyp\terraingenerator_fyp\terraingenerator_fyp\release\shader.obj
c:\users\jsimo\desktop\fyp\terraingenerator_fyp\terraingenerator_fyp\release\main.obj
c:\users\jsimo\desktop\fyp\terraingenerator_fyp\terraingenerator_fyp\release\model.obj
c:\users\jsimo\desktop\fyp\terraingenerator_fyp\terraingenerator_fyp\release\mesh.obj
c:\users\jsimo\desktop\fyp\terraingenerator_fyp\terraingenerator_fyp\release\material.obj
c:\users\jsimo\desktop\fyp\terraingenerator_fyp\terraingenerator_fyp\release\mainmenu.obj
c:\users\jsimo\desktop\fyp\terraingenerator_fyp\terraingenerator_fyp\release\level.obj
c:\users\jsimo\desktop\fyp\terraingenerator_fyp\terraingenerator_fyp\release\layer.obj
c:\users\jsimo\desktop\fyp\terraingenerator_fyp\terraingenerator_fyp\release\graphicsengine.obj
c:\users\jsimo\desktop\fyp\terraingenerator_fyp\terraingenerator_fyp\release\entitymodel.obj
c:\users\jsimo\desktop\fyp\terraingenerator_fyp\terraingenerator_fyp\release\entitymesh.obj
c:\users\jsimo\desktop\fyp\terraingenerator_fyp\terraingenerator_fyp\release\entity.obj
c:\users\jsimo\desktop\fyp\terraingenerator_fyp\terraingenerator_fyp\release\camera.obj
c:\users\jsimo\desktop\fyp\terraingenerator_fyp\terraingenerator_fyp\release\imgui_impl_glfw_gl3.obj
c:\users\jsimo\desktop\fyp\terraingenerator_fyp\terraingenerator_fyp\release\imgui_draw.obj
c:\users\jsimo\desktop\fyp\terraingenerator_fyp\terraingenerator_fyp\release\imgui.obj
c:\users\jsimo\desktop\fyp\terraingenerator_fyp\release\terraingenerator_fyp.exe
c:\users\jsimo\desktop\fyp\terraingenerator_fyp\release\terraingenerator_fyp.pdb
c:\users\jsimo\desktop\fyp\terraingenerator_fyp\release\terraingenerator_fyp.ipdb
c:\users\jsimo\desktop\fyp\terraingenerator_fyp\release\terraingenerator_fyp.iobj
c:\users\jsimo\desktop\fyp\terraingenerator_fyp\terraingenerator_fyp\release\terraing.d8523426.tlog\cl.command.1.tlog
c:\users\jsimo\desktop\fyp\terraingenerator_fyp\terraingenerator_fyp\release\terraing.d8523426.tlog\cl.read.1.tlog
c:\users\jsimo\desktop\fyp\terraingenerator_fyp\terraingenerator_fyp\release\terraing.d8523426.tlog\cl.write.1.tlog
c:\users\jsimo\desktop\fyp\terraingenerator_fyp\terraingenerator_fyp\release\terraing.d8523426.tlog\link.command.1.tlog
c:\users\jsimo\desktop\fyp\terraingenerator_fyp\terraingenerator_fyp\release\terraing.d8523426.tlog\link.read.1.tlog
c:\users\jsimo\desktop\fyp\terraingenerator_fyp\terraingenerator_fyp\release\terraing.d8523426.tlog\link.write.1.tlog
c:\users\jsimo\desktop\fyp\terraingenerator_fyp\terraingenerator_fyp\release\terraing.d8523426.tlog\terraingenerator_fyp.write.1u.tlog
